[debug] [2020-09-17T04:12:44.729Z] ----------------------------------------------------------------------
[debug] [2020-09-17T04:12:44.732Z] Command:       C:\Program Files\nodejs\node.exe C:\Users\tpanh\AppData\Roaming\npm\node_modules\firebase-tools\lib\bin\firebase.js emulators:start
[debug] [2020-09-17T04:12:44.732Z] CLI Version:   8.10.0
[debug] [2020-09-17T04:12:44.732Z] Platform:      win32
[debug] [2020-09-17T04:12:44.732Z] Node Version:  v12.18.3
[debug] [2020-09-17T04:12:44.733Z] Time:          Wed Sep 16 2020 23:12:44 GMT-0500 (Central Daylight Time)
[debug] [2020-09-17T04:12:44.734Z] ----------------------------------------------------------------------
[debug] [2020-09-17T04:12:44.734Z] 
[debug] [2020-09-17T04:12:44.741Z] > command requires scopes: ["email","openid","https://www.googleapis.com/auth/cloudplatformprojects.readonly","https://www.googleapis.com/auth/firebase","https://www.googleapis.com/auth/cloud-platform"]
[debug] [2020-09-17T04:12:44.742Z] > authorizing via signed-in user
[info] i  emulators: Starting emulators: functions, hosting {"metadata":{"emulator":{"name":"hub"},"message":"Starting emulators: functions, hosting"}}
[warn] !  hub: emulator hub unable to start on port 4400, starting on 4401 instead. {"metadata":{"emulator":{"name":"hub"},"message":"emulator hub unable to start on port 4400, starting on 4401 instead."}}
[warn] !  emulators: It seems that you are running multiple instances of the emulator suite for project clone-22537. This may result in unexpected behavior. 
[debug] [2020-09-17T04:12:44.823Z] [hub] writing locator at C:\Users\tpanh\AppData\Local\Temp\hub-clone-22537.json
[warn] !  functions: The following emulators are not running, calls to these services from the Functions emulator will affect production: firestore, database, pubsub {"metadata":{"emulator":{"name":"functions"},"message":"The following emulators are not running, calls to these services from the Functions emulator will affect production: \u001b[1mfirestore, database, pubsub\u001b[22m"}}
[warn] !  Your requested "node" version "10" doesn't match your global version "12" {"metadata":{"emulator":{"name":"functions"},"message":"Your requested \"node\" version \"10\" doesn't match your global version \"12\""}}
[debug] [2020-09-17T04:12:46.899Z] defaultcredentials: writing to file C:\Users\tpanh\AppData\Roaming\firebase\tpanhduy_gmail_com_application_default_credentials.json
[debug] [2020-09-17T04:12:46.905Z] Setting GAC to C:\Users\tpanh\AppData\Roaming\firebase\tpanhduy_gmail_com_application_default_credentials.json {"metadata":{"emulator":{"name":"functions"},"message":"Setting GAC to C:\\Users\\tpanh\\AppData\\Roaming\\firebase\\tpanhduy_gmail_com_application_default_credentials.json"}}
[debug] [2020-09-17T04:12:48.931Z] >>> HTTP REQUEST GET https://firebase.googleapis.com/v1beta1/projects/clone-22537/webApps/-/config  
 
[debug] [2020-09-17T04:12:50.407Z] <<< HTTP RESPONSE 200 {"content-type":"application/json; charset=UTF-8","vary":"X-Origin, Referer, Origin,Accept-Encoding","date":"Thu, 17 Sep 2020 04:12:49 GMT","server":"ESF","cache-control":"private","x-xss-protection":"0","x-frame-options":"SAMEORIGIN","x-content-type-options":"nosniff","alt-svc":"h3-Q050=\":443\"; ma=2592000,h3-29=\":443\"; ma=2592000,h3-27=\":443\"; ma=2592000,h3-T051=\":443\"; ma=2592000,h3-T050=\":443\"; ma=2592000,h3-Q046=\":443\"; ma=2592000,h3-Q043=\":443\"; ma=2592000,quic=\":443\"; ma=2592000; v=\"46,43\"","accept-ranges":"none","transfer-encoding":"chunked"}
[info] i  hosting: Serving hosting files from: build {"metadata":{"emulator":{"name":"hosting"},"message":"Serving hosting files from: \u001b[1mbuild\u001b[22m"}}
[info] +  hosting: Local server: http://localhost:5005 {"metadata":{"emulator":{"name":"hosting"},"message":"Local server: \u001b[4m\u001b[1mhttp://localhost:5005\u001b[22m\u001b[24m"}}
[warn] !  logging: Logging Emulator unable to start on port 4500, starting on 4501 instead. {"metadata":{"emulator":{"name":"logging"},"message":"Logging Emulator unable to start on port 4500, starting on 4501 instead."}}
[warn] !  ui: Emulator UI unable to start on port 4000, starting on 4008 instead. {"metadata":{"emulator":{"name":"ui"},"message":"Emulator UI unable to start on port 4000, starting on 4008 instead."}}
[debug] [2020-09-17T04:12:50.575Z] Ignoring unsupported arg: auto_download {"metadata":{"emulator":{"name":"ui"},"message":"Ignoring unsupported arg: auto_download"}}
[debug] [2020-09-17T04:12:50.576Z] Ignoring unsupported arg: port {"metadata":{"emulator":{"name":"ui"},"message":"Ignoring unsupported arg: port"}}
[debug] [2020-09-17T04:12:50.576Z] Starting Emulator UI with command {"binary":"node","args":["C:\\Users\\tpanh\\.cache\\firebase\\emulators\\ui-v1.1.1\\server.bundle.js"],"optionalArgs":[],"joinArgs":false} {"metadata":{"emulator":{"name":"ui"},"message":"Starting Emulator UI with command {\"binary\":\"node\",\"args\":[\"C:\\\\Users\\\\tpanh\\\\.cache\\\\firebase\\\\emulators\\\\ui-v1.1.1\\\\server.bundle.js\"],\"optionalArgs\":[],\"joinArgs\":false}"}}
[info] i  ui: Emulator UI logging to ui-debug.log {"metadata":{"emulator":{"name":"ui"},"message":"Emulator UI logging to \u001b[1mui-debug.log\u001b[22m"}}
[debug] [2020-09-17T04:12:50.787Z] Web / API server started at http://localhost:4008
 {"metadata":{"emulator":{"name":"ui"},"message":"Web / API server started at http://localhost:4008\n"}}
[info] i  functions: Watching "J:\ReactJs Homework\amazon-clone-master\functions" for Cloud Functions... {"metadata":{"emulator":{"name":"functions"},"message":"Watching \"J:\\ReactJs Homework\\amazon-clone-master\\functions\" for Cloud Functions..."}}
[debug] [2020-09-17T04:12:51.120Z] [worker-pool] addWorker(~diagnostic~) {"metadata":{"emulator":{"name":"functions"},"message":"[worker-pool] addWorker(~diagnostic~)"}}
[debug] [2020-09-17T04:12:51.120Z] [worker-pool] Adding worker with key ~diagnostic~, total=1 {"metadata":{"emulator":{"name":"functions"},"message":"[worker-pool] Adding worker with key ~diagnostic~, total=1"}}
[debug] [2020-09-17T04:12:51.121Z] [worker-pool] submitWork(triggerId=) {"metadata":{"emulator":{"name":"functions"},"message":"[worker-pool] submitWork(triggerId=)"}}
[debug] [2020-09-17T04:12:51.123Z] [worker-~diagnostic~-b304668a-d49a-4360-b80e-0556bab337ec]: Assigning socketPath: \\?\pipe\J:\ReactJs Homework\amazon-clone-master\functions\21652 {"metadata":{"emulator":{"name":"functions"},"message":"[worker-~diagnostic~-b304668a-d49a-4360-b80e-0556bab337ec]: Assigning socketPath: \\\\?\\pipe\\J:\\ReactJs Homework\\amazon-clone-master\\functions\\21652"}}
[debug] [2020-09-17T04:12:51.124Z] [worker-~diagnostic~-b304668a-d49a-4360-b80e-0556bab337ec]: BUSY {"metadata":{"emulator":{"name":"functions"},"message":"[worker-~diagnostic~-b304668a-d49a-4360-b80e-0556bab337ec]: BUSY"}}
[debug] [2020-09-17T04:12:51.767Z] [runtime-status] [21652] Functions runtime initialized. {"cwd":"J:\\ReactJs Homework\\amazon-clone-master\\functions","node_version":"12.18.3"} {"metadata":{"emulator":{"name":"functions"},"message":"[runtime-status] [21652] Functions runtime initialized. {\"cwd\":\"J:\\\\ReactJs Homework\\\\amazon-clone-master\\\\functions\",\"node_version\":\"12.18.3\"}"}}
[debug] [2020-09-17T04:12:51.767Z] [runtime-status] [21652] Disabled runtime features: undefined {"metadata":{"emulator":{"name":"functions"},"message":"[runtime-status] [21652] Disabled runtime features: undefined"}}
[debug] [2020-09-17T04:12:51.773Z] [runtime-status] [21652] Resolved module firebase-admin {"declared":true,"installed":true,"version":"8.13.0","resolution":"J:\\ReactJs Homework\\amazon-clone-master\\functions\\node_modules\\firebase-admin\\lib\\index.js"} {"metadata":{"emulator":{"name":"functions"},"message":"[runtime-status] [21652] Resolved module firebase-admin {\"declared\":true,\"installed\":true,\"version\":\"8.13.0\",\"resolution\":\"J:\\\\ReactJs Homework\\\\amazon-clone-master\\\\functions\\\\node_modules\\\\firebase-admin\\\\lib\\\\index.js\"}"}}
[debug] [2020-09-17T04:12:51.775Z] [runtime-status] [21652] Resolved module firebase-functions {"declared":true,"installed":true,"version":"3.11.0","resolution":"J:\\ReactJs Homework\\amazon-clone-master\\functions\\node_modules\\firebase-functions\\lib\\index.js"} {"metadata":{"emulator":{"name":"functions"},"message":"[runtime-status] [21652] Resolved module firebase-functions {\"declared\":true,\"installed\":true,\"version\":\"3.11.0\",\"resolution\":\"J:\\\\ReactJs Homework\\\\amazon-clone-master\\\\functions\\\\node_modules\\\\firebase-functions\\\\lib\\\\index.js\"}"}}
[debug] [2020-09-17T04:12:51.776Z] [runtime-status] [21652] Resolved module firebase-functions {"declared":true,"installed":true,"version":"3.11.0","resolution":"J:\\ReactJs Homework\\amazon-clone-master\\functions\\node_modules\\firebase-functions\\lib\\index.js"} {"metadata":{"emulator":{"name":"functions"},"message":"[runtime-status] [21652] Resolved module firebase-functions {\"declared\":true,\"installed\":true,\"version\":\"3.11.0\",\"resolution\":\"J:\\\\ReactJs Homework\\\\amazon-clone-master\\\\functions\\\\node_modules\\\\firebase-functions\\\\lib\\\\index.js\"}"}}
[debug] [2020-09-17T04:12:51.778Z] [runtime-status] [21652] Outgoing network have been stubbed. [{"name":"http","status":"mocked"},{"name":"http","status":"mocked"},{"name":"https","status":"mocked"},{"name":"https","status":"mocked"},{"name":"net","status":"mocked"}] {"metadata":{"emulator":{"name":"functions"},"message":"[runtime-status] [21652] Outgoing network have been stubbed. [{\"name\":\"http\",\"status\":\"mocked\"},{\"name\":\"http\",\"status\":\"mocked\"},{\"name\":\"https\",\"status\":\"mocked\"},{\"name\":\"https\",\"status\":\"mocked\"},{\"name\":\"net\",\"status\":\"mocked\"}]"}}
[debug] [2020-09-17T04:12:51.778Z] [runtime-status] [21652] Resolved module firebase-functions {"declared":true,"installed":true,"version":"3.11.0","resolution":"J:\\ReactJs Homework\\amazon-clone-master\\functions\\node_modules\\firebase-functions\\lib\\index.js"} {"metadata":{"emulator":{"name":"functions"},"message":"[runtime-status] [21652] Resolved module firebase-functions {\"declared\":true,\"installed\":true,\"version\":\"3.11.0\",\"resolution\":\"J:\\\\ReactJs Homework\\\\amazon-clone-master\\\\functions\\\\node_modules\\\\firebase-functions\\\\lib\\\\index.js\"}"}}
[debug] [2020-09-17T04:12:51.819Z] [runtime-status] [21652] Checked functions.config() {"config":{}} {"metadata":{"emulator":{"name":"functions"},"message":"[runtime-status] [21652] Checked functions.config() {\"config\":{}}"}}
[debug] [2020-09-17T04:12:51.819Z] [runtime-status] [21652] firebase-functions has been stubbed. {"functionsResolution":{"declared":true,"installed":true,"version":"3.11.0","resolution":"J:\\ReactJs Homework\\amazon-clone-master\\functions\\node_modules\\firebase-functions\\lib\\index.js"}} {"metadata":{"emulator":{"name":"functions"},"message":"[runtime-status] [21652] firebase-functions has been stubbed. {\"functionsResolution\":{\"declared\":true,\"installed\":true,\"version\":\"3.11.0\",\"resolution\":\"J:\\\\ReactJs Homework\\\\amazon-clone-master\\\\functions\\\\node_modules\\\\firebase-functions\\\\lib\\\\index.js\"}}"}}
[debug] [2020-09-17T04:12:51.819Z] [runtime-status] [21652] Resolved module firebase-functions {"declared":true,"installed":true,"version":"3.11.0","resolution":"J:\\ReactJs Homework\\amazon-clone-master\\functions\\node_modules\\firebase-functions\\lib\\index.js"} {"metadata":{"emulator":{"name":"functions"},"message":"[runtime-status] [21652] Resolved module firebase-functions {\"declared\":true,\"installed\":true,\"version\":\"3.11.0\",\"resolution\":\"J:\\\\ReactJs Homework\\\\amazon-clone-master\\\\functions\\\\node_modules\\\\firebase-functions\\\\lib\\\\index.js\"}"}}
[debug] [2020-09-17T04:12:51.821Z] [runtime-status] [21652] Resolved module firebase-admin {"declared":true,"installed":true,"version":"8.13.0","resolution":"J:\\ReactJs Homework\\amazon-clone-master\\functions\\node_modules\\firebase-admin\\lib\\index.js"} {"metadata":{"emulator":{"name":"functions"},"message":"[runtime-status] [21652] Resolved module firebase-admin {\"declared\":true,\"installed\":true,\"version\":\"8.13.0\",\"resolution\":\"J:\\\\ReactJs Homework\\\\amazon-clone-master\\\\functions\\\\node_modules\\\\firebase-admin\\\\lib\\\\index.js\"}"}}
[debug] [2020-09-17T04:12:51.821Z] [runtime-status] [21652] Resolved module firebase-functions {"declared":true,"installed":true,"version":"3.11.0","resolution":"J:\\ReactJs Homework\\amazon-clone-master\\functions\\node_modules\\firebase-functions\\lib\\index.js"} {"metadata":{"emulator":{"name":"functions"},"message":"[runtime-status] [21652] Resolved module firebase-functions {\"declared\":true,\"installed\":true,\"version\":\"3.11.0\",\"resolution\":\"J:\\\\ReactJs Homework\\\\amazon-clone-master\\\\functions\\\\node_modules\\\\firebase-functions\\\\lib\\\\index.js\"}"}}
[debug] [2020-09-17T04:12:51.821Z] [runtime-status] [21652] firebase-admin has been stubbed. {"adminResolution":{"declared":true,"installed":true,"version":"8.13.0","resolution":"J:\\ReactJs Homework\\amazon-clone-master\\functions\\node_modules\\firebase-admin\\lib\\index.js"}} {"metadata":{"emulator":{"name":"functions"},"message":"[runtime-status] [21652] firebase-admin has been stubbed. {\"adminResolution\":{\"declared\":true,\"installed\":true,\"version\":\"8.13.0\",\"resolution\":\"J:\\\\ReactJs Homework\\\\amazon-clone-master\\\\functions\\\\node_modules\\\\firebase-admin\\\\lib\\\\index.js\"}}"}}
[info] +  functions[api]: http function initialized (http://localhost:5004/clone-22537/us-central1/api). {"metadata":{"emulator":{"name":"functions"},"message":"\u001b[1mhttp\u001b[22m function initialized (http://localhost:5004/clone-22537/us-central1/api)."}}
[info] 
┌───────────────────────────────────────────────────────────────────────┐
│ ✔  All emulators ready! View status and logs at http://localhost:4008 │
└───────────────────────────────────────────────────────────────────────┘

┌───────────┬────────────────┬─────────────────────────────────┐
│ Emulator  │ Host:Port      │ View in Emulator UI             │
├───────────┼────────────────┼─────────────────────────────────┤
│ Functions │ localhost:5004 │ http://localhost:4008/functions │
├───────────┼────────────────┼─────────────────────────────────┤
│ Hosting   │ localhost:5005 │ n/a                             │
└───────────┴────────────────┴─────────────────────────────────┘
  Other reserved ports: 4401, 4501

Issues? Report them at https://github.com/firebase/firebase-tools/issues and attach the *-debug.log files.
 
[debug] [2020-09-17T04:12:52.113Z] [worker-~diagnostic~-b304668a-d49a-4360-b80e-0556bab337ec]: IDLE {"metadata":{"emulator":{"name":"functions"},"message":"[worker-~diagnostic~-b304668a-d49a-4360-b80e-0556bab337ec]: IDLE"}}
[debug] [2020-09-17T04:12:56.371Z] [work-queue] {"queueLength":1,"workRunningCount":0}
[debug] [2020-09-17T04:12:56.372Z] [work-queue] {"queueLength":0,"workRunningCount":1}
[debug] [2020-09-17T04:12:56.373Z] Accepted request GET /clone-22537/us-central1/api --> api
[debug] [2020-09-17T04:12:56.384Z] [worker-pool] addWorker(api) {"metadata":{"emulator":{"name":"functions"},"message":"[worker-pool] addWorker(api)"}}
[debug] [2020-09-17T04:12:56.385Z] [worker-pool] Adding worker with key api, total=1 {"metadata":{"emulator":{"name":"functions"},"message":"[worker-pool] Adding worker with key api, total=1"}}
[debug] [2020-09-17T04:12:56.385Z] [worker-pool] submitWork(triggerId=api) {"metadata":{"emulator":{"name":"functions"},"message":"[worker-pool] submitWork(triggerId=api)"}}
[debug] [2020-09-17T04:12:56.386Z] [worker-api-432cc685-aaef-4e19-8e25-878c636d6497]: Assigning socketPath: \\?\pipe\J:\ReactJs Homework\amazon-clone-master\functions\7940 {"metadata":{"emulator":{"name":"functions"},"message":"[worker-api-432cc685-aaef-4e19-8e25-878c636d6497]: Assigning socketPath: \\\\?\\pipe\\J:\\ReactJs Homework\\amazon-clone-master\\functions\\7940"}}
[debug] [2020-09-17T04:12:56.386Z] [worker-api-432cc685-aaef-4e19-8e25-878c636d6497]: BUSY {"metadata":{"emulator":{"name":"functions"},"message":"[worker-api-432cc685-aaef-4e19-8e25-878c636d6497]: BUSY"}}
[debug] [2020-09-17T04:12:57.666Z] [runtime-status] [7940] Functions runtime initialized. {"cwd":"J:\\ReactJs Homework\\amazon-clone-master\\functions","node_version":"12.18.3"} {"metadata":{"emulator":{"name":"functions"},"function":{"name":"api"},"message":"[runtime-status] [7940] Functions runtime initialized. {\"cwd\":\"J:\\\\ReactJs Homework\\\\amazon-clone-master\\\\functions\",\"node_version\":\"12.18.3\"}"}}
[debug] [2020-09-17T04:12:57.671Z] [runtime-status] [7940] Disabled runtime features: undefined {"metadata":{"emulator":{"name":"functions"},"function":{"name":"api"},"message":"[runtime-status] [7940] Disabled runtime features: undefined"}}
[debug] [2020-09-17T04:12:57.683Z] [runtime-status] [7940] Resolved module firebase-admin {"declared":true,"installed":true,"version":"8.13.0","resolution":"J:\\ReactJs Homework\\amazon-clone-master\\functions\\node_modules\\firebase-admin\\lib\\index.js"} {"metadata":{"emulator":{"name":"functions"},"function":{"name":"api"},"message":"[runtime-status] [7940] Resolved module firebase-admin {\"declared\":true,\"installed\":true,\"version\":\"8.13.0\",\"resolution\":\"J:\\\\ReactJs Homework\\\\amazon-clone-master\\\\functions\\\\node_modules\\\\firebase-admin\\\\lib\\\\index.js\"}"}}
[debug] [2020-09-17T04:12:57.697Z] [runtime-status] [7940] Resolved module firebase-functions {"declared":true,"installed":true,"version":"3.11.0","resolution":"J:\\ReactJs Homework\\amazon-clone-master\\functions\\node_modules\\firebase-functions\\lib\\index.js"} {"metadata":{"emulator":{"name":"functions"},"function":{"name":"api"},"message":"[runtime-status] [7940] Resolved module firebase-functions {\"declared\":true,\"installed\":true,\"version\":\"3.11.0\",\"resolution\":\"J:\\\\ReactJs Homework\\\\amazon-clone-master\\\\functions\\\\node_modules\\\\firebase-functions\\\\lib\\\\index.js\"}"}}
[debug] [2020-09-17T04:12:57.701Z] [runtime-status] [7940] Resolved module firebase-functions {"declared":true,"installed":true,"version":"3.11.0","resolution":"J:\\ReactJs Homework\\amazon-clone-master\\functions\\node_modules\\firebase-functions\\lib\\index.js"} {"metadata":{"emulator":{"name":"functions"},"function":{"name":"api"},"message":"[runtime-status] [7940] Resolved module firebase-functions {\"declared\":true,\"installed\":true,\"version\":\"3.11.0\",\"resolution\":\"J:\\\\ReactJs Homework\\\\amazon-clone-master\\\\functions\\\\node_modules\\\\firebase-functions\\\\lib\\\\index.js\"}"}}
[debug] [2020-09-17T04:12:57.706Z] [runtime-status] [7940] Outgoing network have been stubbed. [{"name":"http","status":"mocked"},{"name":"http","status":"mocked"},{"name":"https","status":"mocked"},{"name":"https","status":"mocked"},{"name":"net","status":"mocked"}] {"metadata":{"emulator":{"name":"functions"},"function":{"name":"api"},"message":"[runtime-status] [7940] Outgoing network have been stubbed. [{\"name\":\"http\",\"status\":\"mocked\"},{\"name\":\"http\",\"status\":\"mocked\"},{\"name\":\"https\",\"status\":\"mocked\"},{\"name\":\"https\",\"status\":\"mocked\"},{\"name\":\"net\",\"status\":\"mocked\"}]"}}
[debug] [2020-09-17T04:12:57.707Z] [runtime-status] [7940] Resolved module firebase-functions {"declared":true,"installed":true,"version":"3.11.0","resolution":"J:\\ReactJs Homework\\amazon-clone-master\\functions\\node_modules\\firebase-functions\\lib\\index.js"} {"metadata":{"emulator":{"name":"functions"},"function":{"name":"api"},"message":"[runtime-status] [7940] Resolved module firebase-functions {\"declared\":true,\"installed\":true,\"version\":\"3.11.0\",\"resolution\":\"J:\\\\ReactJs Homework\\\\amazon-clone-master\\\\functions\\\\node_modules\\\\firebase-functions\\\\lib\\\\index.js\"}"}}
[debug] [2020-09-17T04:12:57.837Z] [runtime-status] [7940] Checked functions.config() {"config":{}} {"metadata":{"emulator":{"name":"functions"},"function":{"name":"api"},"message":"[runtime-status] [7940] Checked functions.config() {\"config\":{}}"}}
[debug] [2020-09-17T04:12:57.838Z] [runtime-status] [7940] firebase-functions has been stubbed. {"functionsResolution":{"declared":true,"installed":true,"version":"3.11.0","resolution":"J:\\ReactJs Homework\\amazon-clone-master\\functions\\node_modules\\firebase-functions\\lib\\index.js"}} {"metadata":{"emulator":{"name":"functions"},"function":{"name":"api"},"message":"[runtime-status] [7940] firebase-functions has been stubbed. {\"functionsResolution\":{\"declared\":true,\"installed\":true,\"version\":\"3.11.0\",\"resolution\":\"J:\\\\ReactJs Homework\\\\amazon-clone-master\\\\functions\\\\node_modules\\\\firebase-functions\\\\lib\\\\index.js\"}}"}}
[debug] [2020-09-17T04:12:57.840Z] [runtime-status] [7940] Resolved module firebase-functions {"declared":true,"installed":true,"version":"3.11.0","resolution":"J:\\ReactJs Homework\\amazon-clone-master\\functions\\node_modules\\firebase-functions\\lib\\index.js"} {"metadata":{"emulator":{"name":"functions"},"function":{"name":"api"},"message":"[runtime-status] [7940] Resolved module firebase-functions {\"declared\":true,\"installed\":true,\"version\":\"3.11.0\",\"resolution\":\"J:\\\\ReactJs Homework\\\\amazon-clone-master\\\\functions\\\\node_modules\\\\firebase-functions\\\\lib\\\\index.js\"}"}}
[debug] [2020-09-17T04:12:57.843Z] [runtime-status] [7940] Resolved module firebase-admin {"declared":true,"installed":true,"version":"8.13.0","resolution":"J:\\ReactJs Homework\\amazon-clone-master\\functions\\node_modules\\firebase-admin\\lib\\index.js"} {"metadata":{"emulator":{"name":"functions"},"function":{"name":"api"},"message":"[runtime-status] [7940] Resolved module firebase-admin {\"declared\":true,\"installed\":true,\"version\":\"8.13.0\",\"resolution\":\"J:\\\\ReactJs Homework\\\\amazon-clone-master\\\\functions\\\\node_modules\\\\firebase-admin\\\\lib\\\\index.js\"}"}}
[debug] [2020-09-17T04:12:57.844Z] [runtime-status] [7940] Resolved module firebase-functions {"declared":true,"installed":true,"version":"3.11.0","resolution":"J:\\ReactJs Homework\\amazon-clone-master\\functions\\node_modules\\firebase-functions\\lib\\index.js"} {"metadata":{"emulator":{"name":"functions"},"function":{"name":"api"},"message":"[runtime-status] [7940] Resolved module firebase-functions {\"declared\":true,\"installed\":true,\"version\":\"3.11.0\",\"resolution\":\"J:\\\\ReactJs Homework\\\\amazon-clone-master\\\\functions\\\\node_modules\\\\firebase-functions\\\\lib\\\\index.js\"}"}}
[debug] [2020-09-17T04:12:57.845Z] [runtime-status] [7940] firebase-admin has been stubbed. {"adminResolution":{"declared":true,"installed":true,"version":"8.13.0","resolution":"J:\\ReactJs Homework\\amazon-clone-master\\functions\\node_modules\\firebase-admin\\lib\\index.js"}} {"metadata":{"emulator":{"name":"functions"},"function":{"name":"api"},"message":"[runtime-status] [7940] firebase-admin has been stubbed. {\"adminResolution\":{\"declared\":true,\"installed\":true,\"version\":\"8.13.0\",\"resolution\":\"J:\\\\ReactJs Homework\\\\amazon-clone-master\\\\functions\\\\node_modules\\\\firebase-admin\\\\lib\\\\index.js\"}}"}}
[debug] [2020-09-17T04:12:58.231Z] [runtime-status] [7940] Trigger "api" has been found, beginning invocation! {"metadata":{"emulator":{"name":"functions"},"function":{"name":"api"},"message":"[runtime-status] [7940] Trigger \"api\" has been found, beginning invocation!"}}
[info] i  functions: Beginning execution of "api" {"metadata":{"emulator":{"name":"functions"},"function":{"name":"api"},"message":"Beginning execution of \"api\""}}
[debug] [2020-09-17T04:12:58.233Z] [runtime-status] [7940] triggerDefinition {"httpsTrigger":{},"name":"api","entryPoint":"api"} {"metadata":{"emulator":{"name":"functions"},"function":{"name":"api"},"message":"[runtime-status] [7940] triggerDefinition {\"httpsTrigger\":{},\"name\":\"api\",\"entryPoint\":\"api\"}"}}
[debug] [2020-09-17T04:12:58.233Z] [runtime-status] [7940] Running api in mode HTTPS {"metadata":{"emulator":{"name":"functions"},"function":{"name":"api"},"message":"[runtime-status] [7940] Running api in mode HTTPS"}}
[debug] [2020-09-17T04:12:58.243Z] [runtime-status] [7940] Attempting to listen to socketPath: \\?\pipe\J:\ReactJs Homework\amazon-clone-master\functions\7940 {"metadata":{"emulator":{"name":"functions"},"function":{"name":"api"},"message":"[runtime-status] [7940] Attempting to listen to socketPath: \\\\?\\pipe\\J:\\ReactJs Homework\\amazon-clone-master\\functions\\7940"}}
[debug] [2020-09-17T04:12:58.249Z] [functions] Runtime ready! Sending request! {"metadata":{"emulator":{"name":"functions"},"message":"[functions] Runtime ready! Sending request!"}}
[debug] [2020-09-17T04:12:58.273Z] [runtime-status] [7940] Ephemeral server handling GET request {"metadata":{"emulator":{"name":"functions"},"function":{"name":"api"},"message":"[runtime-status] [7940] Ephemeral server handling GET request"}}
[debug] [2020-09-17T04:12:58.293Z] [runtime-status] [7940] Ephemeral server survived. {"metadata":{"emulator":{"name":"functions"},"function":{"name":"api"},"message":"[runtime-status] [7940] Ephemeral server survived."}}
[info] i  functions: Finished "api" in ~1s {"metadata":{"emulator":{"name":"functions"},"function":{"name":"api"},"message":"Finished \"api\" in ~1s"}}
[debug] [2020-09-17T04:12:58.301Z] [worker-api-432cc685-aaef-4e19-8e25-878c636d6497]: IDLE {"metadata":{"emulator":{"name":"functions"},"message":"[worker-api-432cc685-aaef-4e19-8e25-878c636d6497]: IDLE"}}
[debug] [2020-09-17T04:12:58.301Z] [work-queue] {"queueLength":0,"workRunningCount":0}
[debug] [2020-09-17T04:12:59.649Z] Functions emulator received unknown request at path /favicon.ico
[debug] [2020-09-17T04:13:01.492Z] [work-queue] {"queueLength":1,"workRunningCount":0}
[debug] [2020-09-17T04:13:01.493Z] [work-queue] {"queueLength":0,"workRunningCount":1}
[debug] [2020-09-17T04:13:01.493Z] Accepted request GET /clone-22537/us-central1/api --> api
[debug] [2020-09-17T04:13:01.494Z] [worker-pool] submitWork(triggerId=api) {"metadata":{"emulator":{"name":"functions"},"message":"[worker-pool] submitWork(triggerId=api)"}}
[debug] [2020-09-17T04:13:01.494Z] [worker-api-432cc685-aaef-4e19-8e25-878c636d6497]: Assigning socketPath: \\?\pipe\J:\ReactJs Homework\amazon-clone-master\functions\7940 {"metadata":{"emulator":{"name":"functions"},"message":"[worker-api-432cc685-aaef-4e19-8e25-878c636d6497]: Assigning socketPath: \\\\?\\pipe\\J:\\ReactJs Homework\\amazon-clone-master\\functions\\7940"}}
[debug] [2020-09-17T04:13:01.495Z] [worker-api-432cc685-aaef-4e19-8e25-878c636d6497]: BUSY {"metadata":{"emulator":{"name":"functions"},"message":"[worker-api-432cc685-aaef-4e19-8e25-878c636d6497]: BUSY"}}
[debug] [2020-09-17T04:13:01.497Z] [runtime-status] [7940] Trigger "api" has been found, beginning invocation! {"metadata":{"emulator":{"name":"functions"},"function":{"name":"api"},"message":"[runtime-status] [7940] Trigger \"api\" has been found, beginning invocation!"}}
[info] i  functions: Beginning execution of "api" {"metadata":{"emulator":{"name":"functions"},"function":{"name":"api"},"message":"Beginning execution of \"api\""}}
[debug] [2020-09-17T04:13:01.500Z] [runtime-status] [7940] triggerDefinition {"httpsTrigger":{},"name":"api","entryPoint":"api"} {"metadata":{"emulator":{"name":"functions"},"function":{"name":"api"},"message":"[runtime-status] [7940] triggerDefinition {\"httpsTrigger\":{},\"name\":\"api\",\"entryPoint\":\"api\"}"}}
[debug] [2020-09-17T04:13:01.501Z] [runtime-status] [7940] Running api in mode HTTPS {"metadata":{"emulator":{"name":"functions"},"function":{"name":"api"},"message":"[runtime-status] [7940] Running api in mode HTTPS"}}
[debug] [2020-09-17T04:13:01.502Z] [runtime-status] [7940] Attempting to listen to socketPath: \\?\pipe\J:\ReactJs Homework\amazon-clone-master\functions\7940 {"metadata":{"emulator":{"name":"functions"},"function":{"name":"api"},"message":"[runtime-status] [7940] Attempting to listen to socketPath: \\\\?\\pipe\\J:\\ReactJs Homework\\amazon-clone-master\\functions\\7940"}}
[debug] [2020-09-17T04:13:01.505Z] [functions] Runtime ready! Sending request! {"metadata":{"emulator":{"name":"functions"},"message":"[functions] Runtime ready! Sending request!"}}
[debug] [2020-09-17T04:13:01.515Z] [runtime-status] [7940] Ephemeral server handling GET request {"metadata":{"emulator":{"name":"functions"},"function":{"name":"api"},"message":"[runtime-status] [7940] Ephemeral server handling GET request"}}
[debug] [2020-09-17T04:13:01.520Z] [runtime-status] [7940] Ephemeral server survived. {"metadata":{"emulator":{"name":"functions"},"function":{"name":"api"},"message":"[runtime-status] [7940] Ephemeral server survived."}}
[info] i  functions: Finished "api" in ~1s {"metadata":{"emulator":{"name":"functions"},"function":{"name":"api"},"message":"Finished \"api\" in ~1s"}}
[debug] [2020-09-17T04:13:01.550Z] [worker-api-432cc685-aaef-4e19-8e25-878c636d6497]: IDLE {"metadata":{"emulator":{"name":"functions"},"message":"[worker-api-432cc685-aaef-4e19-8e25-878c636d6497]: IDLE"}}
[debug] [2020-09-17T04:13:01.551Z] [work-queue] {"queueLength":0,"workRunningCount":0}
[debug] [2020-09-17T04:13:04.745Z] [work-queue] {"queueLength":1,"workRunningCount":0}
[debug] [2020-09-17T04:13:04.746Z] [work-queue] {"queueLength":0,"workRunningCount":1}
[debug] [2020-09-17T04:13:04.746Z] Accepted request GET /clone-22537/us-central1/api --> api
[debug] [2020-09-17T04:13:04.747Z] [worker-pool] submitWork(triggerId=api) {"metadata":{"emulator":{"name":"functions"},"message":"[worker-pool] submitWork(triggerId=api)"}}
[debug] [2020-09-17T04:13:04.747Z] [worker-api-432cc685-aaef-4e19-8e25-878c636d6497]: Assigning socketPath: \\?\pipe\J:\ReactJs Homework\amazon-clone-master\functions\7940 {"metadata":{"emulator":{"name":"functions"},"message":"[worker-api-432cc685-aaef-4e19-8e25-878c636d6497]: Assigning socketPath: \\\\?\\pipe\\J:\\ReactJs Homework\\amazon-clone-master\\functions\\7940"}}
[debug] [2020-09-17T04:13:04.748Z] [worker-api-432cc685-aaef-4e19-8e25-878c636d6497]: BUSY {"metadata":{"emulator":{"name":"functions"},"message":"[worker-api-432cc685-aaef-4e19-8e25-878c636d6497]: BUSY"}}
[debug] [2020-09-17T04:13:04.749Z] [runtime-status] [7940] Trigger "api" has been found, beginning invocation! {"metadata":{"emulator":{"name":"functions"},"function":{"name":"api"},"message":"[runtime-status] [7940] Trigger \"api\" has been found, beginning invocation!"}}
[info] i  functions: Beginning execution of "api" {"metadata":{"emulator":{"name":"functions"},"function":{"name":"api"},"message":"Beginning execution of \"api\""}}
[debug] [2020-09-17T04:13:04.752Z] [runtime-status] [7940] triggerDefinition {"httpsTrigger":{},"name":"api","entryPoint":"api"} {"metadata":{"emulator":{"name":"functions"},"function":{"name":"api"},"message":"[runtime-status] [7940] triggerDefinition {\"httpsTrigger\":{},\"name\":\"api\",\"entryPoint\":\"api\"}"}}
[debug] [2020-09-17T04:13:04.753Z] [runtime-status] [7940] Running api in mode HTTPS {"metadata":{"emulator":{"name":"functions"},"function":{"name":"api"},"message":"[runtime-status] [7940] Running api in mode HTTPS"}}
[debug] [2020-09-17T04:13:04.754Z] [runtime-status] [7940] Attempting to listen to socketPath: \\?\pipe\J:\ReactJs Homework\amazon-clone-master\functions\7940 {"metadata":{"emulator":{"name":"functions"},"function":{"name":"api"},"message":"[runtime-status] [7940] Attempting to listen to socketPath: \\\\?\\pipe\\J:\\ReactJs Homework\\amazon-clone-master\\functions\\7940"}}
[debug] [2020-09-17T04:13:04.758Z] [functions] Runtime ready! Sending request! {"metadata":{"emulator":{"name":"functions"},"message":"[functions] Runtime ready! Sending request!"}}
[debug] [2020-09-17T04:13:04.767Z] [runtime-status] [7940] Ephemeral server handling GET request {"metadata":{"emulator":{"name":"functions"},"function":{"name":"api"},"message":"[runtime-status] [7940] Ephemeral server handling GET request"}}
[debug] [2020-09-17T04:13:04.771Z] [runtime-status] [7940] Ephemeral server survived. {"metadata":{"emulator":{"name":"functions"},"function":{"name":"api"},"message":"[runtime-status] [7940] Ephemeral server survived."}}
[info] i  functions: Finished "api" in ~1s {"metadata":{"emulator":{"name":"functions"},"function":{"name":"api"},"message":"Finished \"api\" in ~1s"}}
[debug] [2020-09-17T04:13:04.794Z] [worker-api-432cc685-aaef-4e19-8e25-878c636d6497]: IDLE {"metadata":{"emulator":{"name":"functions"},"message":"[worker-api-432cc685-aaef-4e19-8e25-878c636d6497]: IDLE"}}
[debug] [2020-09-17T04:13:04.794Z] [work-queue] {"queueLength":0,"workRunningCount":0}
[debug] [2020-09-17T04:13:17.760Z] [work-queue] {"queueLength":1,"workRunningCount":0}
[debug] [2020-09-17T04:13:17.761Z] [work-queue] {"queueLength":0,"workRunningCount":1}
[debug] [2020-09-17T04:13:17.762Z] Accepted request POST /clone-22537/us-central1/api/payments/create?total=0 --> api
[debug] [2020-09-17T04:13:17.762Z] [worker-pool] submitWork(triggerId=api) {"metadata":{"emulator":{"name":"functions"},"message":"[worker-pool] submitWork(triggerId=api)"}}
[debug] [2020-09-17T04:13:17.762Z] [worker-api-432cc685-aaef-4e19-8e25-878c636d6497]: Assigning socketPath: \\?\pipe\J:\ReactJs Homework\amazon-clone-master\functions\7940 {"metadata":{"emulator":{"name":"functions"},"message":"[worker-api-432cc685-aaef-4e19-8e25-878c636d6497]: Assigning socketPath: \\\\?\\pipe\\J:\\ReactJs Homework\\amazon-clone-master\\functions\\7940"}}
[debug] [2020-09-17T04:13:17.763Z] [worker-api-432cc685-aaef-4e19-8e25-878c636d6497]: BUSY {"metadata":{"emulator":{"name":"functions"},"message":"[worker-api-432cc685-aaef-4e19-8e25-878c636d6497]: BUSY"}}
[debug] [2020-09-17T04:13:17.764Z] [runtime-status] [7940] Trigger "api" has been found, beginning invocation! {"metadata":{"emulator":{"name":"functions"},"function":{"name":"api"},"message":"[runtime-status] [7940] Trigger \"api\" has been found, beginning invocation!"}}
[info] i  functions: Beginning execution of "api" {"metadata":{"emulator":{"name":"functions"},"function":{"name":"api"},"message":"Beginning execution of \"api\""}}
[debug] [2020-09-17T04:13:17.767Z] [runtime-status] [7940] triggerDefinition {"httpsTrigger":{},"name":"api","entryPoint":"api"} {"metadata":{"emulator":{"name":"functions"},"function":{"name":"api"},"message":"[runtime-status] [7940] triggerDefinition {\"httpsTrigger\":{},\"name\":\"api\",\"entryPoint\":\"api\"}"}}
[debug] [2020-09-17T04:13:17.767Z] [runtime-status] [7940] Running api in mode HTTPS {"metadata":{"emulator":{"name":"functions"},"function":{"name":"api"},"message":"[runtime-status] [7940] Running api in mode HTTPS"}}
[debug] [2020-09-17T04:13:17.768Z] [runtime-status] [7940] Attempting to listen to socketPath: \\?\pipe\J:\ReactJs Homework\amazon-clone-master\functions\7940 {"metadata":{"emulator":{"name":"functions"},"function":{"name":"api"},"message":"[runtime-status] [7940] Attempting to listen to socketPath: \\\\?\\pipe\\J:\\ReactJs Homework\\amazon-clone-master\\functions\\7940"}}
[debug] [2020-09-17T04:13:17.770Z] [functions] Runtime ready! Sending request! {"metadata":{"emulator":{"name":"functions"},"message":"[functions] Runtime ready! Sending request!"}}
[debug] [2020-09-17T04:13:17.778Z] [runtime-status] [7940] Ephemeral server handling POST request {"metadata":{"emulator":{"name":"functions"},"function":{"name":"api"},"message":"[runtime-status] [7940] Ephemeral server handling POST request"}}
[info] >  Payment Request Recieved BOOM!!! for this amount >>>  0 {"user":"Payment Request Recieved BOOM!!! for this amount >>>  0","metadata":{"emulator":{"name":"functions"},"function":{"name":"api"},"message":"\u001b[90m> \u001b[39m Payment Request Recieved BOOM!!! for this amount >>>  0"}}
[debug] [2020-09-17T04:13:17.809Z] [runtime-status] [7940] Ephemeral server survived. {"metadata":{"emulator":{"name":"functions"},"function":{"name":"api"},"message":"[runtime-status] [7940] Ephemeral server survived."}}
[info] >  (node:7940) UnhandledPromiseRejectionWarning: Error: This value must be greater than or equal to 1. {"user":"(node:7940) UnhandledPromiseRejectionWarning: Error: This value must be greater than or equal to 1.","metadata":{"emulator":{"name":"functions"},"function":{"name":"api"},"message":"\u001b[90m> \u001b[39m (node:7940) UnhandledPromiseRejectionWarning: Error: This value must be greater than or equal to 1."}}
[info] >      at Function.generate (J:\ReactJs Homework\amazon-clone-master\functions\node_modules\stripe\lib\Error.js:39:16) {"user":"    at Function.generate (J:\\ReactJs Homework\\amazon-clone-master\\functions\\node_modules\\stripe\\lib\\Error.js:39:16)","metadata":{"emulator":{"name":"functions"},"function":{"name":"api"},"message":"\u001b[90m> \u001b[39m     at Function.generate (J:\\ReactJs Homework\\amazon-clone-master\\functions\\node_modules\\stripe\\lib\\Error.js:39:16)"}}
[info] >      at IncomingMessage.<anonymous> (J:\ReactJs Homework\amazon-clone-master\functions\node_modules\stripe\lib\StripeResource.js:190:33) {"user":"    at IncomingMessage.<anonymous> (J:\\ReactJs Homework\\amazon-clone-master\\functions\\node_modules\\stripe\\lib\\StripeResource.js:190:33)","metadata":{"emulator":{"name":"functions"},"function":{"name":"api"},"message":"\u001b[90m> \u001b[39m     at IncomingMessage.<anonymous> (J:\\ReactJs Homework\\amazon-clone-master\\functions\\node_modules\\stripe\\lib\\StripeResource.js:190:33)"}}
[info] >      at Object.onceWrapper (events.js:421:28) {"user":"    at Object.onceWrapper (events.js:421:28)","metadata":{"emulator":{"name":"functions"},"function":{"name":"api"},"message":"\u001b[90m> \u001b[39m     at Object.onceWrapper (events.js:421:28)"}}
[info] >      at IncomingMessage.emit (events.js:327:22) {"user":"    at IncomingMessage.emit (events.js:327:22)","metadata":{"emulator":{"name":"functions"},"function":{"name":"api"},"message":"\u001b[90m> \u001b[39m     at IncomingMessage.emit (events.js:327:22)"}}
[info] >      at endReadableNT (_stream_readable.js:1220:12) {"user":"    at endReadableNT (_stream_readable.js:1220:12)","metadata":{"emulator":{"name":"functions"},"function":{"name":"api"},"message":"\u001b[90m> \u001b[39m     at endReadableNT (_stream_readable.js:1220:12)"}}
[info] >      at processTicksAndRejections (internal/process/task_queues.js:84:21) {"user":"    at processTicksAndRejections (internal/process/task_queues.js:84:21)","metadata":{"emulator":{"name":"functions"},"function":{"name":"api"},"message":"\u001b[90m> \u001b[39m     at processTicksAndRejections (internal/process/task_queues.js:84:21)"}}
[info] >  (node:7940) UnhandledPromiseRejectionWarning: Unhandled promise rejection. This error originated either by throwing inside of an async function without a catch block, or by rejecting a promise which was not handled with .catch(). To terminate the node process on unhandled promise rejection, use the CLI flag `--unhandled-rejections=strict` (see https://nodejs.org/api/cli.html#cli_unhandled_rejections_mode). (rejection id: 1) {"user":"(node:7940) UnhandledPromiseRejectionWarning: Unhandled promise rejection. This error originated either by throwing inside of an async function without a catch block, or by rejecting a promise which was not handled with .catch(). To terminate the node process on unhandled promise rejection, use the CLI flag `--unhandled-rejections=strict` (see https://nodejs.org/api/cli.html#cli_unhandled_rejections_mode). (rejection id: 1)","metadata":{"emulator":{"name":"functions"},"function":{"name":"api"},"message":"\u001b[90m> \u001b[39m (node:7940) UnhandledPromiseRejectionWarning: Unhandled promise rejection. This error originated either by throwing inside of an async function without a catch block, or by rejecting a promise which was not handled with .catch(). To terminate the node process on unhandled promise rejection, use the CLI flag `--unhandled-rejections=strict` (see https://nodejs.org/api/cli.html#cli_unhandled_rejections_mode). (rejection id: 1)"}}
[info] >  (node:7940) [DEP0018] DeprecationWarning: Unhandled promise rejections are deprecated. In the future, promise rejections that are not handled will terminate the Node.js process with a non-zero exit code. {"user":"(node:7940) [DEP0018] DeprecationWarning: Unhandled promise rejections are deprecated. In the future, promise rejections that are not handled will terminate the Node.js process with a non-zero exit code.","metadata":{"emulator":{"name":"functions"},"function":{"name":"api"},"message":"\u001b[90m> \u001b[39m (node:7940) [DEP0018] DeprecationWarning: Unhandled promise rejections are deprecated. In the future, promise rejections that are not handled will terminate the Node.js process with a non-zero exit code."}}
[debug] [2020-09-17T04:13:22.116Z] File J:\ReactJs Homework\amazon-clone-master\functions\index.js changed, reloading triggers {"metadata":{"emulator":{"name":"functions"},"message":"File J:\\ReactJs Homework\\amazon-clone-master\\functions\\index.js changed, reloading triggers"}}
[debug] [2020-09-17T04:13:23.107Z] File J:\ReactJs Homework\amazon-clone-master\functions\index.js changed, reloading triggers {"metadata":{"emulator":{"name":"functions"},"message":"File J:\\ReactJs Homework\\amazon-clone-master\\functions\\index.js changed, reloading triggers"}}
[debug] [2020-09-17T04:13:24.108Z] [worker-pool] Shutting down IDLE worker (~diagnostic~) {"metadata":{"emulator":{"name":"functions"},"message":"[worker-pool] Shutting down IDLE worker (~diagnostic~)"}}
[debug] [2020-09-17T04:13:24.109Z] [worker-~diagnostic~-b304668a-d49a-4360-b80e-0556bab337ec]: FINISHING {"metadata":{"emulator":{"name":"functions"},"message":"[worker-~diagnostic~-b304668a-d49a-4360-b80e-0556bab337ec]: FINISHING"}}
[debug] [2020-09-17T04:13:24.110Z] [worker-pool] Marking BUSY worker to finish (api) {"metadata":{"emulator":{"name":"functions"},"message":"[worker-pool] Marking BUSY worker to finish (api)"}}
[debug] [2020-09-17T04:13:24.110Z] [worker-api-432cc685-aaef-4e19-8e25-878c636d6497]: FINISHING {"metadata":{"emulator":{"name":"functions"},"message":"[worker-api-432cc685-aaef-4e19-8e25-878c636d6497]: FINISHING"}}
[debug] [2020-09-17T04:13:24.122Z] [worker-pool] addWorker(~diagnostic~) {"metadata":{"emulator":{"name":"functions"},"message":"[worker-pool] addWorker(~diagnostic~)"}}
[debug] [2020-09-17T04:13:24.123Z] [worker-pool] Adding worker with key ~diagnostic~, total=2 {"metadata":{"emulator":{"name":"functions"},"message":"[worker-pool] Adding worker with key ~diagnostic~, total=2"}}
[debug] [2020-09-17T04:13:24.123Z] [worker-pool] submitWork(triggerId=) {"metadata":{"emulator":{"name":"functions"},"message":"[worker-pool] submitWork(triggerId=)"}}
[debug] [2020-09-17T04:13:24.123Z] [worker-~diagnostic~-36dd7ed4-ca3e-446f-99b9-3687455bcdf2]: Assigning socketPath: \\?\pipe\J:\ReactJs Homework\amazon-clone-master\functions\19684 {"metadata":{"emulator":{"name":"functions"},"message":"[worker-~diagnostic~-36dd7ed4-ca3e-446f-99b9-3687455bcdf2]: Assigning socketPath: \\\\?\\pipe\\J:\\ReactJs Homework\\amazon-clone-master\\functions\\19684"}}
[debug] [2020-09-17T04:13:24.123Z] [worker-~diagnostic~-36dd7ed4-ca3e-446f-99b9-3687455bcdf2]: BUSY {"metadata":{"emulator":{"name":"functions"},"message":"[worker-~diagnostic~-36dd7ed4-ca3e-446f-99b9-3687455bcdf2]: BUSY"}}
[debug] [2020-09-17T04:13:24.128Z] [worker-~diagnostic~-b304668a-d49a-4360-b80e-0556bab337ec]: exited {"metadata":{"emulator":{"name":"functions"},"message":"[worker-~diagnostic~-b304668a-d49a-4360-b80e-0556bab337ec]: exited"}}
[debug] [2020-09-17T04:13:24.128Z] [worker-~diagnostic~-b304668a-d49a-4360-b80e-0556bab337ec]: FINISHED {"metadata":{"emulator":{"name":"functions"},"message":"[worker-~diagnostic~-b304668a-d49a-4360-b80e-0556bab337ec]: FINISHED"}}
[debug] [2020-09-17T04:13:24.791Z] [runtime-status] [19684] Functions runtime initialized. {"cwd":"J:\\ReactJs Homework\\amazon-clone-master\\functions","node_version":"12.18.3"} {"metadata":{"emulator":{"name":"functions"},"message":"[runtime-status] [19684] Functions runtime initialized. {\"cwd\":\"J:\\\\ReactJs Homework\\\\amazon-clone-master\\\\functions\",\"node_version\":\"12.18.3\"}"}}
[debug] [2020-09-17T04:13:24.794Z] [runtime-status] [19684] Disabled runtime features: undefined {"metadata":{"emulator":{"name":"functions"},"message":"[runtime-status] [19684] Disabled runtime features: undefined"}}
[debug] [2020-09-17T04:13:24.802Z] [runtime-status] [19684] Resolved module firebase-admin {"declared":true,"installed":true,"version":"8.13.0","resolution":"J:\\ReactJs Homework\\amazon-clone-master\\functions\\node_modules\\firebase-admin\\lib\\index.js"} {"metadata":{"emulator":{"name":"functions"},"message":"[runtime-status] [19684] Resolved module firebase-admin {\"declared\":true,\"installed\":true,\"version\":\"8.13.0\",\"resolution\":\"J:\\\\ReactJs Homework\\\\amazon-clone-master\\\\functions\\\\node_modules\\\\firebase-admin\\\\lib\\\\index.js\"}"}}
[debug] [2020-09-17T04:13:24.805Z] [runtime-status] [19684] Resolved module firebase-functions {"declared":true,"installed":true,"version":"3.11.0","resolution":"J:\\ReactJs Homework\\amazon-clone-master\\functions\\node_modules\\firebase-functions\\lib\\index.js"} {"metadata":{"emulator":{"name":"functions"},"message":"[runtime-status] [19684] Resolved module firebase-functions {\"declared\":true,\"installed\":true,\"version\":\"3.11.0\",\"resolution\":\"J:\\\\ReactJs Homework\\\\amazon-clone-master\\\\functions\\\\node_modules\\\\firebase-functions\\\\lib\\\\index.js\"}"}}
[debug] [2020-09-17T04:13:24.806Z] [runtime-status] [19684] Resolved module firebase-functions {"declared":true,"installed":true,"version":"3.11.0","resolution":"J:\\ReactJs Homework\\amazon-clone-master\\functions\\node_modules\\firebase-functions\\lib\\index.js"} {"metadata":{"emulator":{"name":"functions"},"message":"[runtime-status] [19684] Resolved module firebase-functions {\"declared\":true,\"installed\":true,\"version\":\"3.11.0\",\"resolution\":\"J:\\\\ReactJs Homework\\\\amazon-clone-master\\\\functions\\\\node_modules\\\\firebase-functions\\\\lib\\\\index.js\"}"}}
[debug] [2020-09-17T04:13:24.809Z] [runtime-status] [19684] Outgoing network have been stubbed. [{"name":"http","status":"mocked"},{"name":"http","status":"mocked"},{"name":"https","status":"mocked"},{"name":"https","status":"mocked"},{"name":"net","status":"mocked"}] {"metadata":{"emulator":{"name":"functions"},"message":"[runtime-status] [19684] Outgoing network have been stubbed. [{\"name\":\"http\",\"status\":\"mocked\"},{\"name\":\"http\",\"status\":\"mocked\"},{\"name\":\"https\",\"status\":\"mocked\"},{\"name\":\"https\",\"status\":\"mocked\"},{\"name\":\"net\",\"status\":\"mocked\"}]"}}
[debug] [2020-09-17T04:13:24.810Z] [runtime-status] [19684] Resolved module firebase-functions {"declared":true,"installed":true,"version":"3.11.0","resolution":"J:\\ReactJs Homework\\amazon-clone-master\\functions\\node_modules\\firebase-functions\\lib\\index.js"} {"metadata":{"emulator":{"name":"functions"},"message":"[runtime-status] [19684] Resolved module firebase-functions {\"declared\":true,\"installed\":true,\"version\":\"3.11.0\",\"resolution\":\"J:\\\\ReactJs Homework\\\\amazon-clone-master\\\\functions\\\\node_modules\\\\firebase-functions\\\\lib\\\\index.js\"}"}}
[debug] [2020-09-17T04:13:24.869Z] [runtime-status] [19684] Checked functions.config() {"config":{}} {"metadata":{"emulator":{"name":"functions"},"message":"[runtime-status] [19684] Checked functions.config() {\"config\":{}}"}}
[debug] [2020-09-17T04:13:24.869Z] [runtime-status] [19684] firebase-functions has been stubbed. {"functionsResolution":{"declared":true,"installed":true,"version":"3.11.0","resolution":"J:\\ReactJs Homework\\amazon-clone-master\\functions\\node_modules\\firebase-functions\\lib\\index.js"}} {"metadata":{"emulator":{"name":"functions"},"message":"[runtime-status] [19684] firebase-functions has been stubbed. {\"functionsResolution\":{\"declared\":true,\"installed\":true,\"version\":\"3.11.0\",\"resolution\":\"J:\\\\ReactJs Homework\\\\amazon-clone-master\\\\functions\\\\node_modules\\\\firebase-functions\\\\lib\\\\index.js\"}}"}}
[debug] [2020-09-17T04:13:24.870Z] [runtime-status] [19684] Resolved module firebase-functions {"declared":true,"installed":true,"version":"3.11.0","resolution":"J:\\ReactJs Homework\\amazon-clone-master\\functions\\node_modules\\firebase-functions\\lib\\index.js"} {"metadata":{"emulator":{"name":"functions"},"message":"[runtime-status] [19684] Resolved module firebase-functions {\"declared\":true,\"installed\":true,\"version\":\"3.11.0\",\"resolution\":\"J:\\\\ReactJs Homework\\\\amazon-clone-master\\\\functions\\\\node_modules\\\\firebase-functions\\\\lib\\\\index.js\"}"}}
[debug] [2020-09-17T04:13:24.872Z] [runtime-status] [19684] Resolved module firebase-admin {"declared":true,"installed":true,"version":"8.13.0","resolution":"J:\\ReactJs Homework\\amazon-clone-master\\functions\\node_modules\\firebase-admin\\lib\\index.js"} {"metadata":{"emulator":{"name":"functions"},"message":"[runtime-status] [19684] Resolved module firebase-admin {\"declared\":true,\"installed\":true,\"version\":\"8.13.0\",\"resolution\":\"J:\\\\ReactJs Homework\\\\amazon-clone-master\\\\functions\\\\node_modules\\\\firebase-admin\\\\lib\\\\index.js\"}"}}
[debug] [2020-09-17T04:13:24.873Z] [runtime-status] [19684] Resolved module firebase-functions {"declared":true,"installed":true,"version":"3.11.0","resolution":"J:\\ReactJs Homework\\amazon-clone-master\\functions\\node_modules\\firebase-functions\\lib\\index.js"} {"metadata":{"emulator":{"name":"functions"},"message":"[runtime-status] [19684] Resolved module firebase-functions {\"declared\":true,\"installed\":true,\"version\":\"3.11.0\",\"resolution\":\"J:\\\\ReactJs Homework\\\\amazon-clone-master\\\\functions\\\\node_modules\\\\firebase-functions\\\\lib\\\\index.js\"}"}}
[debug] [2020-09-17T04:13:24.873Z] [runtime-status] [19684] firebase-admin has been stubbed. {"adminResolution":{"declared":true,"installed":true,"version":"8.13.0","resolution":"J:\\ReactJs Homework\\amazon-clone-master\\functions\\node_modules\\firebase-admin\\lib\\index.js"}} {"metadata":{"emulator":{"name":"functions"},"message":"[runtime-status] [19684] firebase-admin has been stubbed. {\"adminResolution\":{\"declared\":true,\"installed\":true,\"version\":\"8.13.0\",\"resolution\":\"J:\\\\ReactJs Homework\\\\amazon-clone-master\\\\functions\\\\node_modules\\\\firebase-admin\\\\lib\\\\index.js\"}}"}}
[debug] [2020-09-17T04:13:25.058Z] [worker-~diagnostic~-36dd7ed4-ca3e-446f-99b9-3687455bcdf2]: IDLE {"metadata":{"emulator":{"name":"functions"},"message":"[worker-~diagnostic~-36dd7ed4-ca3e-446f-99b9-3687455bcdf2]: IDLE"}}
